<?xml version="1.0" encoding="UTF-8"?>
<testsuite xmlns:xsi="http://www.w3.org/2001/XMLSchema-instance" xsi:noNamespaceSchemaLocation="https://maven.apache.org/surefire/maven-surefire-plugin/xsd/surefire-test-report-3.0.xsd" version="3.0" name="com.example.demo.DemoApplicationTests" time="16.303" tests="1" errors="0" skipped="0" failures="0">
  <properties>
[...]
</properties>
  <testcase name="contextLoads" classname="com.example.demo.DemoApplicationTests" time="0.341">
    <system-out><![CDATA[10:57:00.996 [main] INFO org.springframework.test.context.support.AnnotationConfigContextLoaderUtils -- Could not detect default configuration classes for test class [com.example.demo.DemoApplicationTests]: DemoApplicationTests does not declare any static, non-private, non-final, nested classes annotated with @Configuration.
10:57:01.097 [main] INFO org.springframework.boot.test.context.SpringBootTestContextBootstrapper -- Found @SpringBootConfiguration com.example.demo.DemoApplication for test class com.example.demo.DemoApplicationTests
10:57:01.231 [main] INFO org.springframework.boot.devtools.restart.RestartApplicationListener -- Restart disabled due to context in which it is running

  .   ____          _            __ _ _
 /\\ / ___'_ __ _ _(_)_ __  __ _ \ \ \ \
( ( )\___ | '_ | '_| | '_ \/ _` | \ \ \ \
 \\/  ___)| |_)| | | | | || (_| |  ) ) ) )
  '  |____| .__|_| |_|_| |_\__, | / / / /
 =========|_|==============|___/=/_/_/_/

 :: Spring Boot ::                (v3.3.5)

2025-04-05T10:57:01.506+07:00  WARN 12316 --- [demo] [           main] ory$DuplicateJsonObjectContextCustomizer : 

Found multiple occurrences of org.json.JSONObject on the class path:

	jar:file:/C:/Users/Admin/.m2/repository/com/vaadin/external/google/android-json/0.0.20131108.vaadin1/android-json-0.0.20131108.vaadin1.jar!/org/json/JSONObject.class
	jar:file:/C:/Users/Admin/.m2/repository/org/json/json/20231013/json-20231013.jar!/org/json/JSONObject.class

You may wish to exclude one of them to ensure predictable runtime behavior

2025-04-05T10:57:01.519+07:00  INFO 12316 --- [demo] [           main] com.example.demo.DemoApplicationTests    : Starting DemoApplicationTests using Java 22.0.2 with PID 12316 (started by Admin in D:\spring\bookstore\demo)
2025-04-05T10:57:01.520+07:00  INFO 12316 --- [demo] [           main] com.example.demo.DemoApplicationTests    : No active profile set, falling back to 1 default profile: "default"
2025-04-05T10:57:01.544+07:00 DEBUG 12316 --- [demo] [           main] o.s.w.c.s.GenericWebApplicationContext   : Refreshing org.springframework.web.context.support.GenericWebApplicationContext@7e31ce0f
2025-04-05T10:57:01.819+07:00  INFO 12316 --- [demo] [           main] o.s.c.i.support.PropertySourceProcessor  : Properties location [classpath:exception.properties] not resolvable: class path resource [exception.properties] cannot be opened because it does not exist
2025-04-05T10:57:02.306+07:00  INFO 12316 --- [demo] [           main] .s.d.r.c.RepositoryConfigurationDelegate : Multiple Spring Data modules found, entering strict repository configuration mode
2025-04-05T10:57:02.307+07:00  INFO 12316 --- [demo] [           main] .s.d.r.c.RepositoryConfigurationDelegate : Bootstrapping Spring Data JPA repositories in DEFAULT mode.
2025-04-05T10:57:02.382+07:00  INFO 12316 --- [demo] [           main] .s.d.r.c.RepositoryConfigurationDelegate : Finished Spring Data repository scanning in 68 ms. Found 11 JPA repository interfaces.
2025-04-05T10:57:02.397+07:00  INFO 12316 --- [demo] [           main] .s.d.r.c.RepositoryConfigurationDelegate : Multiple Spring Data modules found, entering strict repository configuration mode
2025-04-05T10:57:02.397+07:00  INFO 12316 --- [demo] [           main] .s.d.r.c.RepositoryConfigurationDelegate : Bootstrapping Spring Data Redis repositories in DEFAULT mode.
2025-04-05T10:57:02.413+07:00  INFO 12316 --- [demo] [           main] .RepositoryConfigurationExtensionSupport : Spring Data Redis - Could not safely identify store assignment for repository candidate interface com.example.demo.persistence.Repository.BookRepository; If you want this repository to be a Redis repository, consider annotating your entities with one of these annotations: org.springframework.data.redis.core.RedisHash (preferred), or consider extending one of the following types with your repository: org.springframework.data.keyvalue.repository.KeyValueRepository
2025-04-05T10:57:02.414+07:00  INFO 12316 --- [demo] [           main] .RepositoryConfigurationExtensionSupport : Spring Data Redis - Could not safely identify store assignment for repository candidate interface com.example.demo.persistence.Repository.CategoryRepository; If you want this repository to be a Redis repository, consider annotating your entities with one of these annotations: org.springframework.data.redis.core.RedisHash (preferred), or consider extending one of the following types with your repository: org.springframework.data.keyvalue.repository.KeyValueRepository
2025-04-05T10:57:02.414+07:00  INFO 12316 --- [demo] [           main] .RepositoryConfigurationExtensionSupport : Spring Data Redis - Could not safely identify store assignment for repository candidate interface com.example.demo.persistence.Repository.DeliveryMethodRepository; If you want this repository to be a Redis repository, consider annotating your entities with one of these annotations: org.springframework.data.redis.core.RedisHash (preferred), or consider extending one of the following types with your repository: org.springframework.data.keyvalue.repository.KeyValueRepository
2025-04-05T10:57:02.414+07:00  INFO 12316 --- [demo] [           main] .RepositoryConfigurationExtensionSupport : Spring Data Redis - Could not safely identify store assignment for repository candidate interface com.example.demo.persistence.Repository.DiscountCodeRepository; If you want this repository to be a Redis repository, consider annotating your entities with one of these annotations: org.springframework.data.redis.core.RedisHash (preferred), or consider extending one of the following types with your repository: org.springframework.data.keyvalue.repository.KeyValueRepository
2025-04-05T10:57:02.415+07:00  INFO 12316 --- [demo] [           main] .RepositoryConfigurationExtensionSupport : Spring Data Redis - Could not safely identify store assignment for repository candidate interface com.example.demo.persistence.Repository.ImageRepository; If you want this repository to be a Redis repository, consider annotating your entities with one of these annotations: org.springframework.data.redis.core.RedisHash (preferred), or consider extending one of the following types with your repository: org.springframework.data.keyvalue.repository.KeyValueRepository
2025-04-05T10:57:02.416+07:00  INFO 12316 --- [demo] [           main] .RepositoryConfigurationExtensionSupport : Spring Data Redis - Could not safely identify store assignment for repository candidate interface com.example.demo.persistence.Repository.OrderDetailRepository; If you want this repository to be a Redis repository, consider annotating your entities with one of these annotations: org.springframework.data.redis.core.RedisHash (preferred), or consider extending one of the following types with your repository: org.springframework.data.keyvalue.repository.KeyValueRepository
2025-04-05T10:57:02.416+07:00  INFO 12316 --- [demo] [           main] .RepositoryConfigurationExtensionSupport : Spring Data Redis - Could not safely identify store assignment for repository candidate interface com.example.demo.persistence.Repository.OrderRepository; If you want this repository to be a Redis repository, consider annotating your entities with one of these annotations: org.springframework.data.redis.core.RedisHash (preferred), or consider extending one of the following types with your repository: org.springframework.data.keyvalue.repository.KeyValueRepository
2025-04-05T10:57:02.416+07:00  INFO 12316 --- [demo] [           main] .RepositoryConfigurationExtensionSupport : Spring Data Redis - Could not safely identify store assignment for repository candidate interface com.example.demo.persistence.Repository.PaymentMethodRepository; If you want this repository to be a Redis repository, consider annotating your entities with one of these annotations: org.springframework.data.redis.core.RedisHash (preferred), or consider extending one of the following types with your repository: org.springframework.data.keyvalue.repository.KeyValueRepository
2025-04-05T10:57:02.416+07:00  INFO 12316 --- [demo] [           main] .RepositoryConfigurationExtensionSupport : Spring Data Redis - Could not safely identify store assignment for repository candidate interface com.example.demo.persistence.Repository.ReviewRepository; If you want this repository to be a Redis repository, consider annotating your entities with one of these annotations: org.springframework.data.redis.core.RedisHash (preferred), or consider extending one of the following types with your repository: org.springframework.data.keyvalue.repository.KeyValueRepository
2025-04-05T10:57:02.417+07:00  INFO 12316 --- [demo] [           main] .RepositoryConfigurationExtensionSupport : Spring Data Redis - Could not safely identify store assignment for repository candidate interface com.example.demo.persistence.Repository.RoleRepository; If you want this repository to be a Redis repository, consider annotating your entities with one of these annotations: org.springframework.data.redis.core.RedisHash (preferred), or consider extending one of the following types with your repository: org.springframework.data.keyvalue.repository.KeyValueRepository
2025-04-05T10:57:02.417+07:00  INFO 12316 --- [demo] [           main] .RepositoryConfigurationExtensionSupport : Spring Data Redis - Could not safely identify store assignment for repository candidate interface com.example.demo.persistence.Repository.UserRepository; If you want this repository to be a Redis repository, consider annotating your entities with one of these annotations: org.springframework.data.redis.core.RedisHash (preferred), or consider extending one of the following types with your repository: org.springframework.data.keyvalue.repository.KeyValueRepository
2025-04-05T10:57:02.417+07:00  INFO 12316 --- [demo] [           main] .s.d.r.c.RepositoryConfigurationDelegate : Finished Spring Data repository scanning in 14 ms. Found 0 Redis repository interfaces.
2025-04-05T10:57:03.005+07:00  INFO 12316 --- [demo] [           main] o.hibernate.jpa.internal.util.LogHelper  : HHH000204: Processing PersistenceUnitInfo [name: default]
2025-04-05T10:57:03.159+07:00  INFO 12316 --- [demo] [           main] org.hibernate.Version                    : HHH000412: Hibernate ORM core version 6.5.3.Final
2025-04-05T10:57:03.204+07:00  INFO 12316 --- [demo] [           main] o.h.c.internal.RegionFactoryInitiator    : HHH000026: Second-level cache disabled
2025-04-05T10:57:03.576+07:00  INFO 12316 --- [demo] [           main] o.s.o.j.p.SpringPersistenceUnitInfo      : No LoadTimeWeaver setup: ignoring JPA class transformer
2025-04-05T10:57:03.617+07:00  INFO 12316 --- [demo] [           main] com.zaxxer.hikari.HikariDataSource       : HikariPool-1 - Starting...
2025-04-05T10:57:05.029+07:00  INFO 12316 --- [demo] [           main] com.zaxxer.hikari.pool.HikariPool        : HikariPool-1 - Added connection com.mysql.cj.jdbc.ConnectionImpl@1e7d3d87
2025-04-05T10:57:05.031+07:00  INFO 12316 --- [demo] [           main] com.zaxxer.hikari.HikariDataSource       : HikariPool-1 - Start completed.
2025-04-05T10:57:09.487+07:00  INFO 12316 --- [demo] [           main] o.h.e.t.j.p.i.JtaPlatformInitiator       : HHH000489: No JTA platform available (set 'hibernate.transaction.jta.platform' to enable JTA platform integration)
2025-04-05T10:57:15.159+07:00  INFO 12316 --- [demo] [           main] j.LocalContainerEntityManagerFactoryBean : Initialized JPA EntityManagerFactory for persistence unit 'default'
2025-04-05T10:57:15.890+07:00  INFO 12316 --- [demo] [           main] eAuthenticationProviderManagerConfigurer : Global AuthenticationManager configured with AuthenticationProvider bean with name authenticationProvider
2025-04-05T10:57:15.892+07:00  WARN 12316 --- [demo] [           main] r$InitializeUserDetailsManagerConfigurer : Global AuthenticationManager configured with an AuthenticationProvider bean. UserDetailsService beans will not be used for username/password login. Consider removing the AuthenticationProvider bean. Alternatively, consider using the UserDetailsService in a manually instantiated DaoAuthenticationProvider.
2025-04-05T10:57:15.941+07:00 DEBUG 12316 --- [demo] [           main] o.s.w.s.s.s.WebSocketHandlerMapping      : Patterns [/ws/**] in 'stompWebSocketHandlerMapping'
2025-04-05T10:57:15.977+07:00  WARN 12316 --- [demo] [           main] JpaBaseConfiguration$JpaWebConfiguration : spring.jpa.open-in-view is enabled by default. Therefore, database queries may be performed during view rendering. Explicitly configure spring.jpa.open-in-view to disable this warning
2025-04-05T10:57:16.053+07:00 DEBUG 12316 --- [demo] [           main] .WebSocketAnnotationMethodMessageHandler : 
	c.e.d.p.c.BookController:
	
2025-04-05T10:57:16.054+07:00 DEBUG 12316 --- [demo] [           main] .WebSocketAnnotationMethodMessageHandler : 
	c.e.d.p.c.CartController:
	
2025-04-05T10:57:16.056+07:00 DEBUG 12316 --- [demo] [           main] .WebSocketAnnotationMethodMessageHandler : 
	c.e.d.p.c.ChatController:
	{[MESSAGE],[/chat]}: sendMessage(ChatMessage)
2025-04-05T10:57:16.058+07:00 DEBUG 12316 --- [demo] [           main] .WebSocketAnnotationMethodMessageHandler : 
	c.e.d.p.c.OrderController:
	
2025-04-05T10:57:16.058+07:00 DEBUG 12316 --- [demo] [           main] .WebSocketAnnotationMethodMessageHandler : 
	c.e.d.p.c.ReviewUserController:
	
2025-04-05T10:57:16.058+07:00 DEBUG 12316 --- [demo] [           main] .WebSocketAnnotationMethodMessageHandler : 
	c.e.d.p.c.SocKetController:
	{[MESSAGE],[/danhgia/{bookId}]}: handleReview(Integer,ReviewDTO)
2025-04-05T10:57:16.058+07:00 DEBUG 12316 --- [demo] [           main] .WebSocketAnnotationMethodMessageHandler : 
	c.e.d.p.c.UserController:
	
2025-04-05T10:57:16.060+07:00 DEBUG 12316 --- [demo] [           main] .WebSocketAnnotationMethodMessageHandler : 
	o.s.b.a.w.s.e.BasicErrorController:
	
2025-04-05T10:57:16.272+07:00 DEBUG 12316 --- [demo] [           main] s.w.s.m.m.a.RequestMappingHandlerMapping : 13 mappings in 'requestMappingHandlerMapping'
2025-04-05T10:57:16.360+07:00 DEBUG 12316 --- [demo] [           main] o.s.w.s.handler.SimpleUrlHandlerMapping  : Patterns [/webjars/**, /**] in 'resourceHandlerMapping'
2025-04-05T10:57:16.428+07:00 DEBUG 12316 --- [demo] [           main] edFilterInvocationSecurityMetadataSource : Adding web access control expression [permitAll] for Deferred [Mvc [pattern='/sach', GET], Ant [pattern='/sach', GET]]
2025-04-05T10:57:16.443+07:00 DEBUG 12316 --- [demo] [           main] edFilterInvocationSecurityMetadataSource : Adding web access control expression [permitAll] for Deferred [Mvc [pattern='/sach/**', GET], Ant [pattern='/sach/**', GET]]
2025-04-05T10:57:16.443+07:00 DEBUG 12316 --- [demo] [           main] edFilterInvocationSecurityMetadataSource : Adding web access control expression [permitAll] for Deferred [Mvc [pattern='/hinh-anh', GET], Ant [pattern='/hinh-anh', GET]]
2025-04-05T10:57:16.444+07:00 DEBUG 12316 --- [demo] [           main] edFilterInvocationSecurityMetadataSource : Adding web access control expression [permitAll] for Deferred [Mvc [pattern='/hinh-anh/**', GET], Ant [pattern='/hinh-anh/**', GET]]
2025-04-05T10:57:16.444+07:00 DEBUG 12316 --- [demo] [           main] edFilterInvocationSecurityMetadataSource : Adding web access control expression [permitAll] for Deferred [Mvc [pattern='/nguoi-dung/search/existsByTenDangNhap', GET], Ant [pattern='/nguoi-dung/search/existsByTenDangNhap', GET]]
2025-04-05T10:57:16.444+07:00 DEBUG 12316 --- [demo] [           main] edFilterInvocationSecurityMetadataSource : Adding web access control expression [permitAll] for Deferred [Mvc [pattern='/nguoi-dung/search/existsByEmail', GET], Ant [pattern='/nguoi-dung/search/existsByEmail', GET]]
2025-04-05T10:57:16.444+07:00 DEBUG 12316 --- [demo] [           main] edFilterInvocationSecurityMetadataSource : Adding web access control expression [permitAll] for Deferred [Mvc [pattern='/tai-khoan/dang-ky', POST], Ant [pattern='/tai-khoan/dang-ky', POST]]
2025-04-05T10:57:16.444+07:00 DEBUG 12316 --- [demo] [           main] edFilterInvocationSecurityMetadataSource : Adding web access control expression [permitAll] for Deferred [Mvc [pattern='/tai-khoan/dang-nhap', POST], Ant [pattern='/tai-khoan/dang-nhap', POST]]
2025-04-05T10:57:16.444+07:00 DEBUG 12316 --- [demo] [           main] edFilterInvocationSecurityMetadataSource : Adding web access control expression [hasAuthority('ADMIN')] for Deferred [Mvc [pattern='/sach', POST], Ant [pattern='/sach', POST]]
2025-04-05T10:57:16.455+07:00 DEBUG 12316 --- [demo] [           main] o.s.s.web.DefaultSecurityFilterChain     : Will secure any request with filters: DisableEncodeUrlFilter, WebAsyncManagerIntegrationFilter, SecurityContextHolderFilter, HeaderWriterFilter, CorsFilter, LogoutFilter, JwtFilter, BasicAuthenticationFilter, RequestCacheAwareFilter, SecurityContextHolderAwareRequestFilter, AnonymousAuthenticationFilter, ExceptionTranslationFilter, FilterSecurityInterceptor
2025-04-05T10:57:16.585+07:00 DEBUG 12316 --- [demo] [           main] s.w.s.m.m.a.RequestMappingHandlerAdapter : ControllerAdvice beans: 0 @ModelAttribute, 0 @InitBinder, 1 RequestBodyAdvice, 1 ResponseBodyAdvice
2025-04-05T10:57:16.613+07:00 DEBUG 12316 --- [demo] [           main] .m.m.a.ExceptionHandlerExceptionResolver : ControllerAdvice beans: 2 @ExceptionHandler, 1 ResponseBodyAdvice
2025-04-05T10:57:16.643+07:00 DEBUG 12316 --- [demo] [           main] .m.m.a.ExceptionHandlerExceptionResolver : ControllerAdvice beans: 2 @ExceptionHandler, 0 ResponseBodyAdvice
2025-04-05T10:57:16.791+07:00 DEBUG 12316 --- [demo] [           main] org.springframework.web.SimpLogging      : clientOutboundChannel added SubProtocolWebSocketHandler[StompSubProtocolHandler[v10.stomp, v11.stomp, v12.stomp]]
2025-04-05T10:57:16.791+07:00 DEBUG 12316 --- [demo] [           main] org.springframework.web.SimpLogging      : clientInboundChannel added WebSocketAnnotationMethodMessageHandler[prefixes=[/app/]]
2025-04-05T10:57:16.792+07:00  INFO 12316 --- [demo] [           main] o.s.m.s.b.SimpleBrokerMessageHandler     : Starting...
2025-04-05T10:57:16.792+07:00 DEBUG 12316 --- [demo] [           main] org.springframework.web.SimpLogging      : clientInboundChannel added SimpleBrokerMessageHandler [org.springframework.messaging.simp.broker.DefaultSubscriptionRegistry@76527a00]
2025-04-05T10:57:16.792+07:00 DEBUG 12316 --- [demo] [           main] org.springframework.web.SimpLogging      : brokerChannel added SimpleBrokerMessageHandler [org.springframework.messaging.simp.broker.DefaultSubscriptionRegistry@76527a00]
2025-04-05T10:57:16.792+07:00  INFO 12316 --- [demo] [           main] o.s.m.s.b.SimpleBrokerMessageHandler     : BrokerAvailabilityEvent[available=true, SimpleBrokerMessageHandler [org.springframework.messaging.simp.broker.DefaultSubscriptionRegistry@76527a00]]
2025-04-05T10:57:16.793+07:00  INFO 12316 --- [demo] [           main] o.s.m.s.b.SimpleBrokerMessageHandler     : Started.
2025-04-05T10:57:16.793+07:00 DEBUG 12316 --- [demo] [           main] org.springframework.web.SimpLogging      : clientInboundChannel added UserDestinationMessageHandler[DefaultUserDestinationResolver[prefix=/user/]]
2025-04-05T10:57:16.793+07:00 DEBUG 12316 --- [demo] [           main] org.springframework.web.SimpLogging      : brokerChannel added UserDestinationMessageHandler[DefaultUserDestinationResolver[prefix=/user/]]
2025-04-05T10:57:16.798+07:00  INFO 12316 --- [demo] [           main] com.example.demo.DemoApplicationTests    : Started DemoApplicationTests in 15.585 seconds (process running for 16.608)
]]></system-out>
    <system-err><![CDATA[WARNING: A Java agent has been loaded dynamically (C:\Users\Admin\.m2\repository\net\bytebuddy\byte-buddy-agent\1.14.19\byte-buddy-agent-1.14.19.jar)
WARNING: If a serviceability tool is in use, please run with -XX:+EnableDynamicAgentLoading to hide this warning
WARNING: If a serviceability tool is not in use, please run with -Djdk.instrument.traceUsage for more information
WARNING: Dynamic loading of agents will be disallowed by default in a future release
]]></system-err>
  </testcase>
</testsuite>